-------------------------------------------------------------------------------
Test set: com.filium.simulation.TestRoutingTable
-------------------------------------------------------------------------------
Tests run: 18, Failures: 0, Errors: 3, Skipped: 0, Time elapsed: 0.053 s <<< FAILURE! -- in com.filium.simulation.TestRoutingTable
com.filium.simulation.TestRoutingTable.lookup_matchingRoute_returnsNextHop -- Time elapsed: 0.009 s <<< ERROR!
java.lang.IllegalArgumentException: Invalid IP address format: '24'. Expected 4 octets.
	at com.filium.model.network.IPAddress.parse(IPAddress.java:43)
	at com.filium.model.network.IPAddress.isInSubnet(IPAddress.java:102)
	at com.filium.simulation.RoutingTable.lookup(RoutingTable.java:99)
	at com.filium.simulation.TestRoutingTable.lookup_matchingRoute_returnsNextHop(TestRoutingTable.java:84)
	at java.base/java.lang.reflect.Method.invoke(Method.java:565)
	at java.base/java.util.ArrayList.forEach(ArrayList.java:1604)
	at java.base/java.util.ArrayList.forEach(ArrayList.java:1604)

com.filium.simulation.TestRoutingTable.lookup_noMatchingRoute_returnsEmpty -- Time elapsed: 0.001 s <<< ERROR!
java.lang.IllegalArgumentException: Invalid IP address format: '24'. Expected 4 octets.
	at com.filium.model.network.IPAddress.parse(IPAddress.java:43)
	at com.filium.model.network.IPAddress.isInSubnet(IPAddress.java:102)
	at com.filium.simulation.RoutingTable.lookup(RoutingTable.java:99)
	at com.filium.simulation.TestRoutingTable.lookup_noMatchingRoute_returnsEmpty(TestRoutingTable.java:90)
	at java.base/java.lang.reflect.Method.invoke(Method.java:565)
	at java.base/java.util.ArrayList.forEach(ArrayList.java:1604)
	at java.base/java.util.ArrayList.forEach(ArrayList.java:1604)

com.filium.simulation.TestRoutingTable.lookup_firstMatchWins -- Time elapsed: 0.001 s <<< ERROR!
java.lang.IllegalArgumentException: Invalid IP address format: '8'. Expected 4 octets.
	at com.filium.model.network.IPAddress.parse(IPAddress.java:43)
	at com.filium.model.network.IPAddress.isInSubnet(IPAddress.java:102)
	at com.filium.simulation.RoutingTable.lookup(RoutingTable.java:99)
	at com.filium.simulation.TestRoutingTable.lookup_firstMatchWins(TestRoutingTable.java:97)
	at java.base/java.lang.reflect.Method.invoke(Method.java:565)
	at java.base/java.util.ArrayList.forEach(ArrayList.java:1604)
	at java.base/java.util.ArrayList.forEach(ArrayList.java:1604)

