<?xml version="1.0" encoding="UTF-8"?>
<testsuite xmlns:xsi="http://www.w3.org/2001/XMLSchema-instance" xsi:noNamespaceSchemaLocation="https://maven.apache.org/surefire/maven-surefire-plugin/xsd/surefire-test-report-3.0.xsd" version="3.0" name="com.filium.model.devices.TestSwitch" time="0.014" tests="19" errors="0" skipped="0" failures="0">
  <properties>
[...]
</properties>
  <testcase name="getMacTable_returnsUnmodifiableMap" classname="com.filium.model.devices.TestSwitch" time="0.001"/>
  <testcase name="getPorts_returnsUnmodifiableList" classname="com.filium.model.devices.TestSwitch" time="0.001"/>
  <testcase name="addPort_null_throwsIllegalArgumentException" classname="com.filium.model.devices.TestSwitch" time="0.001"/>
  <testcase name="learnMAC_nullPort_throwsIllegalArgumentException" classname="com.filium.model.devices.TestSwitch" time="0.0"/>
  <testcase name="learnMAC_nullMAC_throwsIllegalArgumentException" classname="com.filium.model.devices.TestSwitch" time="0.0"/>
  <testcase name="addPort_validPort_increasesCount" classname="com.filium.model.devices.TestSwitch" time="0.001"/>
  <testcase name="reset_clearsMacTable" classname="com.filium.model.devices.TestSwitch" time="0.0"/>
  <testcase name="addPort_atMaxPorts_throwsIllegalStateException" classname="com.filium.model.devices.TestSwitch" time="0.001"/>
  <testcase name="constructor_macTableIsEmpty" classname="com.filium.model.devices.TestSwitch" time="0.0"/>
  <testcase name="receivePacket_null_throwsIllegalArgumentException" classname="com.filium.model.devices.TestSwitch" time="0.001"/>
  <testcase name="reset_basePortIsRetained" classname="com.filium.model.devices.TestSwitch" time="0.0"/>
  <testcase name="lookupMAC_unknownMAC_returnsNull" classname="com.filium.model.devices.TestSwitch" time="0.001"/>
  <testcase name="lookupMAC_knownMAC_returnsPort" classname="com.filium.model.devices.TestSwitch" time="0.0"/>
  <testcase name="learnMAC_validArgs_storesMapping" classname="com.filium.model.devices.TestSwitch" time="0.0"/>
  <testcase name="constructor_hasOnePortByDefault" classname="com.filium.model.devices.TestSwitch" time="0.0"/>
  <testcase name="reset_restoresToSinglePort" classname="com.filium.model.devices.TestSwitch" time="0.001"/>
  <testcase name="constructor_setsCorrectDeviceType" classname="com.filium.model.devices.TestSwitch" time="0.0"/>
  <testcase name="learnMAC_blankMAC_throwsIllegalArgumentException" classname="com.filium.model.devices.TestSwitch" time="0.001"/>
  <testcase name="receivePacket_validPacket_doesNotThrow" classname="com.filium.model.devices.TestSwitch" time="0.001"/>
</testsuite>